<?xml version="1.0" encoding="UTF-8"?>
<testng-results skipped="0" failed="0" ignored="0" total="2" passed="2">
  <reporter-output>
  </reporter-output>
  <suite name="Default suite" duration-ms="137" started-at="2022-02-16T10:10:38 IST" finished-at="2022-02-16T10:10:38 IST">
    <groups>
    </groups>
    <test name="Default test" duration-ms="137" started-at="2022-02-16T10:10:38 IST" finished-at="2022-02-16T10:10:38 IST">
      <class name="tests.MavenCMDDemo">
        <test-method status="PASS" signature="beforeSuite()[pri:0, instance:tests.MavenCMDDemo@757942a1]" name="beforeSuite" is-config="true" duration-ms="5318" started-at="2022-02-16T10:10:33 IST" finished-at="2022-02-16T10:10:38 IST">
          <reporter-output>
          </reporter-output>
        </test-method> <!-- beforeSuite -->
        <test-method status="PASS" signature="titleTest()[pri:0, instance:tests.MavenCMDDemo@757942a1]" name="titleTest" duration-ms="22" started-at="2022-02-16T10:10:38 IST" finished-at="2022-02-16T10:10:38 IST">
          <reporter-output>
          </reporter-output>
        </test-method> <!-- titleTest -->
        <test-method status="PASS" signature="userSpaceTest()[pri:0, instance:tests.MavenCMDDemo@757942a1]" name="userSpaceTest" duration-ms="69" started-at="2022-02-16T10:10:38 IST" finished-at="2022-02-16T10:10:38 IST">
          <reporter-output>
          </reporter-output>
        </test-method> <!-- userSpaceTest -->
        <test-method status="PASS" signature="afterSuite()[pri:0, instance:tests.MavenCMDDemo@757942a1]" name="afterSuite" is-config="true" duration-ms="747" started-at="2022-02-16T10:10:38 IST" finished-at="2022-02-16T10:10:39 IST">
          <reporter-output>
          </reporter-output>
        </test-method> <!-- afterSuite -->
      </class> <!-- tests.MavenCMDDemo -->
    </test> <!-- Default test -->
  </suite> <!-- Default suite -->
</testng-results>
